<?xml version="1.0" encoding="UTF-8"?>
<!-- Generated by org.testng.reporters.JUnitReportReporter -->
<testsuite skipped="0" hostname="LAPTOP-48NLNINU" name="demoProject.SeleniumFramework.ValidateLogin" tests="1" failures="0" timestamp="25 Jun 2020 12:54:50 GMT" time="26.832" errors="0">
  <testcase name="login" time="26.832" classname="demoProject.SeleniumFramework.ValidateLogin"/>
</testsuite> <!-- demoProject.SeleniumFramework.ValidateLogin -->
