<?xml version="1.0" encoding="UTF-8"?>
<!-- Generated by org.testng.reporters.JUnitReportReporter -->
<testsuite skipped="0" hostname="LAPTOP-48NLNINU" name="udemyRahul.Selenium.ExtentReportDemoTest" tests="1" failures="0" timestamp="19 Jun 2020 20:05:10 GMT" time="17.399" errors="0">
  <testcase name="extentDemo" time="17.399" classname="udemyRahul.Selenium.ExtentReportDemoTest"/>
</testsuite> <!-- udemyRahul.Selenium.ExtentReportDemoTest -->
