<?xml version="1.0" encoding="UTF-8"?>
<!-- Generated by org.testng.reporters.JUnitReportReporter -->
<testsuite skipped="0" hostname="LAPTOP-48NLNINU" name="demo.ExtentReport" tests="1" failures="0" timestamp="21 Jun 2020 11:37:40 GMT" time="10.871" errors="0">
  <testcase name="extentDemo" time="10.871" classname="demo.ExtentReport"/>
</testsuite> <!-- demo.ExtentReport -->
