<?xml version="1.0" encoding="UTF-8"?>
<!-- Generated by org.testng.reporters.JUnitReportReporter -->
<testsuite skipped="0" hostname="LAPTOP-48NLNINU" name="testScripts.ValidateHome" tests="1" failures="0" timestamp="05 Jul 2020 19:43:38 GMT" time="10.226" errors="0">
  <testcase name="home" time="10.226" classname="testScripts.ValidateHome"/>
</testsuite> <!-- testScripts.ValidateHome -->
