<?xml version="1.0" encoding="UTF-8"?>
<!-- Generated by org.testng.reporters.JUnitReportReporter -->
<testsuite skipped="0" hostname="LAPTOP-48NLNINU" name="testRunner.TestRunner" tests="1" failures="0" timestamp="06 Jul 2020 07:04:25 GMT" time="50.135" errors="0">
  <testcase name="feature" time="50.135" classname="testRunner.TestRunner"/>
</testsuite> <!-- testRunner.TestRunner -->
