<?xml version="1.0" encoding="UTF-8"?>
<!-- Generated by org.testng.reporters.JUnitReportReporter -->
<testsuite skipped="0" hostname="LAPTOP-48NLNINU" name="demoProject.SeleniumFramework.ValidateHome" tests="1" failures="0" timestamp="30 Jun 2020 11:54:59 GMT" time="8.355" errors="0">
  <testcase name="home" time="8.355" classname="demoProject.SeleniumFramework.ValidateHome"/>
</testsuite> <!-- demoProject.SeleniumFramework.ValidateHome -->
