<?xml version="1.0" encoding="UTF-8"?>
<!-- Generated by org.testng.reporters.JUnitReportReporter -->
<testsuite skipped="0" hostname="LAPTOP-48NLNINU" name="demoProject.SeleniumFramework.ValidateLogin" tests="1" failures="0" timestamp="30 Jun 2020 11:54:59 GMT" time="25.060" errors="0">
  <testcase name="login" time="25.060" classname="demoProject.SeleniumFramework.ValidateLogin"/>
</testsuite> <!-- demoProject.SeleniumFramework.ValidateLogin -->
